<?xml version="1.0" encoding="UTF-8"?>
<!-- Generated by org.testng.reporters.JUnitReportReporter -->
<testsuite skipped="0" hostname="preelap" name="com.assignment.ApiTest.GetMethodTest" tests="2" failures="0" timestamp="30 Jun 2018 06:30:54 GMT" time="1.310" errors="0">
  <testcase name="successStatusTest" time="1.250" classname="com.assignment.ApiTest.GetMethodTest"/>
  <testcase name="resourceNotFoundTest" time="0.060" classname="com.assignment.ApiTest.GetMethodTest"/>
</testsuite> <!-- com.assignment.ApiTest.GetMethodTest -->
