<?xml version="1.0" encoding="UTF-8"?>
<!-- Generated by org.testng.reporters.JUnitReportReporter -->
<testsuite skipped="0" hostname="preelap" name="com.assignment.ApiTest.TestApi" tests="2" failures="0" timestamp="29 Jun 2018 17:46:07 GMT" time="2.621" errors="0">
  <testcase name="apiTest" time="2.422" classname="com.assignment.ApiTest.TestApi"/>
  <testcase name="apiTest2" time="0.199" classname="com.assignment.ApiTest.TestApi"/>
</testsuite> <!-- com.assignment.ApiTest.TestApi -->
