<?xml version="1.0" encoding="UTF-8"?>
<!-- Generated by org.testng.reporters.JUnitReportReporter -->
<testsuite skipped="0" hostname="preelap" name="com.assignment.ApiTest.PostMethodTest" tests="4" failures="0" timestamp="30 Jun 2018 06:32:01 GMT" time="0.103" errors="0">
  <testcase name="successStatusTest" time="0.042" classname="com.assignment.ApiTest.PostMethodTest"/>
  <testcase name="resourceNotFoundTest" time="0.019" classname="com.assignment.ApiTest.PostMethodTest"/>
  <testcase name="unsupportedMediaTest" time="0.018" classname="com.assignment.ApiTest.PostMethodTest"/>
  <testcase name="successWithAuthTest" time="0.024" classname="com.assignment.ApiTest.PostMethodTest"/>
</testsuite> <!-- com.assignment.ApiTest.PostMethodTest -->
